ProGuard, version 5.2.1
Reading input...
Reading program jar [/Users/raliclo/work/proj/moe-ex/moe-samples-java/Calculator/common/build/libs/common.jar] (filtered)
Reading program directory [/Users/raliclo/work/proj/moe-ex/moe-samples-java/Calculator/ios/build/classes/main] (filtered)
Reading library jar [/Users/raliclo/.moe/moe-sdk-1.2.5/sdk/moe-ios.jar]
Reading library jar [/Users/raliclo/.moe/moe-sdk-1.2.5/tools/java8support.jar]
Reading library jar [/Users/raliclo/.moe/moe-sdk-1.2.5/sdk/moe-core.jar]
Initializing...
Note: the configuration refers to the unknown class 'junit.framework.TestCase'
Note: the configuration refers to the unknown class 'junit.framework.TestCase'
Note: the configuration refers to the unknown class 'android.app.backup.BackupAgent'
Note: the configuration refers to the unknown class 'android.appwidget.AppWidgetProvider'
Note: the configuration refers to the unknown class 'scala.collection.SeqLike'
Note: the configuration refers to the unknown class 'scala.reflect.ScalaSignature'
Note: there were 6 references to unknown classes.
      You should check your configuration for typos.
      (http://proguard.sourceforge.net/manual/troubleshooting.html#unknownclass)
Note: you're ignoring all warnings!
Ignoring unused library classes...
  Original number of library classes: 10844
  Final number of library classes:    269
Printing kept classes, fields, and methods...
org.moe.samples.calculator.common.CalcOpsTypes: org.moe.samples.calculator.common.CalcOpsTypes[] values()
org.moe.samples.calculator.common.CalcOpsTypes: org.moe.samples.calculator.common.CalcOpsTypes valueOf(java.lang.String)
org.moe.samples.calculator.ios.CalcViewController
org.moe.samples.calculator.ios.CalcViewController: org.moe.samples.calculator.common.CalculatorAdapter myCalculatorAdapter
org.moe.samples.calculator.ios.CalcViewController: apple.uikit.UILabel calcNum
org.moe.samples.calculator.ios.CalcViewController: apple.uikit.UIButton calcBtnC
org.moe.samples.calculator.ios.CalcViewController: apple.uikit.UIButton calcBtnPm
org.moe.samples.calculator.ios.CalcViewController: apple.uikit.UIButton calcBtnProc
org.moe.samples.calculator.ios.CalcViewController: apple.uikit.UIButton calcBtnDevide
org.moe.samples.calculator.ios.CalcViewController: apple.uikit.UIButton calcBtn7
org.moe.samples.calculator.ios.CalcViewController: apple.uikit.UIButton calcBtn8
org.moe.samples.calculator.ios.CalcViewController: apple.uikit.UIButton calcBtn9
org.moe.samples.calculator.ios.CalcViewController: apple.uikit.UIButton calcBtnUmn
org.moe.samples.calculator.ios.CalcViewController: apple.uikit.UIButton calcBtn4
org.moe.samples.calculator.ios.CalcViewController: apple.uikit.UIButton calcBtn5
org.moe.samples.calculator.ios.CalcViewController: apple.uikit.UIButton calcBtn6
org.moe.samples.calculator.ios.CalcViewController: apple.uikit.UIButton calcBtnMin
org.moe.samples.calculator.ios.CalcViewController: apple.uikit.UIButton calcBtn1
org.moe.samples.calculator.ios.CalcViewController: apple.uikit.UIButton calcBtn2
org.moe.samples.calculator.ios.CalcViewController: apple.uikit.UIButton calcBtn3
org.moe.samples.calculator.ios.CalcViewController: apple.uikit.UIButton calcBtnPlus
org.moe.samples.calculator.ios.CalcViewController: apple.uikit.UIButton calcBtn0
org.moe.samples.calculator.ios.CalcViewController: apple.uikit.UIButton calcBtn0Fake
org.moe.samples.calculator.ios.CalcViewController: apple.uikit.UIButton calcBtnDote
org.moe.samples.calculator.ios.CalcViewController: apple.uikit.UIButton calcBtnEquel
org.moe.samples.calculator.ios.CalcViewController: org.moe.samples.calculator.ios.CalcViewController alloc()
org.moe.samples.calculator.ios.CalcViewController: org.moe.samples.calculator.ios.CalcViewController init()
org.moe.samples.calculator.ios.CalcViewController: CalcViewController(org.moe.natj.general.Pointer)
org.moe.samples.calculator.ios.CalcViewController: void viewDidLoad()
org.moe.samples.calculator.ios.CalcViewController: apple.uikit.UILabel getCalcNum()
org.moe.samples.calculator.ios.CalcViewController: apple.uikit.UIButton getCalcBtnC()
org.moe.samples.calculator.ios.CalcViewController: apple.uikit.UIButton getCalcBtnPm()
org.moe.samples.calculator.ios.CalcViewController: apple.uikit.UIButton getCalcBtnProc()
org.moe.samples.calculator.ios.CalcViewController: apple.uikit.UIButton getCalcBtnDevide()
org.moe.samples.calculator.ios.CalcViewController: apple.uikit.UIButton getCalcBtn7()
org.moe.samples.calculator.ios.CalcViewController: apple.uikit.UIButton getCalcBtn8()
org.moe.samples.calculator.ios.CalcViewController: apple.uikit.UIButton getCalcBtn9()
org.moe.samples.calculator.ios.CalcViewController: apple.uikit.UIButton getCalcBtnUmn()
org.moe.samples.calculator.ios.CalcViewController: apple.uikit.UIButton getCalcBtn4()
org.moe.samples.calculator.ios.CalcViewController: apple.uikit.UIButton getCalcBtn5()
org.moe.samples.calculator.ios.CalcViewController: apple.uikit.UIButton getCalcBtn6()
org.moe.samples.calculator.ios.CalcViewController: apple.uikit.UIButton getCalcBtnMin()
org.moe.samples.calculator.ios.CalcViewController: apple.uikit.UIButton getCalcBtn1()
org.moe.samples.calculator.ios.CalcViewController: apple.uikit.UIButton getCalcBtn2()
org.moe.samples.calculator.ios.CalcViewController: apple.uikit.UIButton getCalcBtn3()
org.moe.samples.calculator.ios.CalcViewController: apple.uikit.UIButton getCalcBtnPlus()
org.moe.samples.calculator.ios.CalcViewController: apple.uikit.UIButton getCalcBtn0()
org.moe.samples.calculator.ios.CalcViewController: apple.uikit.UIButton getCalcBtn0Fake()
org.moe.samples.calculator.ios.CalcViewController: apple.uikit.UIButton getCalcBtnDote()
org.moe.samples.calculator.ios.CalcViewController: apple.uikit.UIButton getCalcBtnEquel()
org.moe.samples.calculator.ios.CalcViewController: void btnPressedC(apple.NSObject)
org.moe.samples.calculator.ios.CalcViewController: void btnPressedCancelC(apple.NSObject)
org.moe.samples.calculator.ios.CalcViewController: void btnPressedPm(apple.NSObject)
org.moe.samples.calculator.ios.CalcViewController: void btnPressedCancelPm(apple.NSObject)
org.moe.samples.calculator.ios.CalcViewController: void btnPressedProc(apple.NSObject)
org.moe.samples.calculator.ios.CalcViewController: void btnPressedCancelProc(apple.NSObject)
org.moe.samples.calculator.ios.CalcViewController: void btnPressedDevide(apple.NSObject)
org.moe.samples.calculator.ios.CalcViewController: void btnPressedCancelDevide(apple.NSObject)
org.moe.samples.calculator.ios.CalcViewController: void btnPressed7(apple.NSObject)
org.moe.samples.calculator.ios.CalcViewController: void btnPressedCancel7(apple.NSObject)
org.moe.samples.calculator.ios.CalcViewController: void btnPressed8(apple.NSObject)
org.moe.samples.calculator.ios.CalcViewController: void btnPressedCancel8(apple.NSObject)
org.moe.samples.calculator.ios.CalcViewController: void btnPressed9(apple.NSObject)
org.moe.samples.calculator.ios.CalcViewController: void btnPressedCancel9(apple.NSObject)
org.moe.samples.calculator.ios.CalcViewController: void btnPressedUmn(apple.NSObject)
org.moe.samples.calculator.ios.CalcViewController: void btnPressedCancelUmn(apple.NSObject)
org.moe.samples.calculator.ios.CalcViewController: void btnPressed4(apple.NSObject)
org.moe.samples.calculator.ios.CalcViewController: void btnPressedCancel4(apple.NSObject)
org.moe.samples.calculator.ios.CalcViewController: void btnPressed5(apple.NSObject)
org.moe.samples.calculator.ios.CalcViewController: void btnPressedCancel5(apple.NSObject)
org.moe.samples.calculator.ios.CalcViewController: void btnPressed6(apple.NSObject)
org.moe.samples.calculator.ios.CalcViewController: void btnPressedCancel6(apple.NSObject)
org.moe.samples.calculator.ios.CalcViewController: void btnPressedMin(apple.NSObject)
org.moe.samples.calculator.ios.CalcViewController: void btnPressedCancelMin(apple.NSObject)
org.moe.samples.calculator.ios.CalcViewController: void btnPressed1(apple.NSObject)
org.moe.samples.calculator.ios.CalcViewController: void btnPressedCancel1(apple.NSObject)
org.moe.samples.calculator.ios.CalcViewController: void btnPressed2(apple.NSObject)
org.moe.samples.calculator.ios.CalcViewController: void btnPressedCancel2(apple.NSObject)
org.moe.samples.calculator.ios.CalcViewController: void btnPressed3(apple.NSObject)
org.moe.samples.calculator.ios.CalcViewController: void btnPressedCancel3(apple.NSObject)
org.moe.samples.calculator.ios.CalcViewController: void btnPressedPlus(apple.NSObject)
org.moe.samples.calculator.ios.CalcViewController: void btnPressedCancelPlus(apple.NSObject)
org.moe.samples.calculator.ios.CalcViewController: void btnPressed0(apple.NSObject)
org.moe.samples.calculator.ios.CalcViewController: void btnPressedCancel0(apple.NSObject)
org.moe.samples.calculator.ios.CalcViewController: void btnPressedDote(apple.NSObject)
org.moe.samples.calculator.ios.CalcViewController: void btnPressedCancelDote(apple.NSObject)
org.moe.samples.calculator.ios.CalcViewController: void btnPressedEquel(apple.NSObject)
org.moe.samples.calculator.ios.CalcViewController: void btnPressedCancelEquel(apple.NSObject)
org.moe.samples.calculator.ios.CalcViewController: apple.uikit.UIViewController init()
org.moe.samples.calculator.ios.CalcViewController: apple.uikit.UIResponder init()
org.moe.samples.calculator.ios.CalcViewController: apple.NSObject init()
org.moe.samples.calculator.ios.Main
org.moe.samples.calculator.ios.Main: void main(java.lang.String[])
org.moe.samples.calculator.ios.Main: org.moe.samples.calculator.ios.Main alloc()
org.moe.samples.calculator.ios.Main: Main(org.moe.natj.general.Pointer)
Shrinking...
Printing usage to [standard output]...
org.moe.samples.calculator.common.CalcOperations:
    32:32:public CalcOperations()
org.moe.samples.calculator.common.CalculatorAdapter:
    297:297:public java.lang.String getShowStr()
Removing unused program classes and class elements...
  Original number of program classes: 7
  Final number of program classes:    7
Inlining subroutines...
Preverifying...
Writing output...
Preparing output jar [/Users/raliclo/work/proj/moe-ex/moe-samples-java/Calculator/ios/build/moe/main/proguard/output.jar]
  Copying resources from program jar [/Users/raliclo/work/proj/moe-ex/moe-samples-java/Calculator/common/build/libs/common.jar] (filtered)
  Copying resources from program directory [/Users/raliclo/work/proj/moe-ex/moe-samples-java/Calculator/ios/build/classes/main] (filtered)
